Arguments: 
  /Users/alexander/.nvm/versions/node/v8.4.0/bin/node /usr/local/Cellar/yarn/1.5.1/libexec/bin/yarn.js search json

PATH: 
  /Users/alexander/.cargo/bin:/Users/alexander/.nvm/versions/node/v8.4.0/bin:/Users/alexander/.rbenv/shims:/usr/local/bin:/usr/bin:/bin:/usr/sbin:/sbin

Yarn version: 
  1.5.1

Node version: 
  8.4.0

Platform: 
  darwin x64

npm manifest: 
  No manifest

yarn manifest: 
  No manifest

Lockfile: 
  No lockfile

Trace: 
  Error: Couldn't find a package.json file in "/Users/alexander/Desktop/ruby_box/github/nokogiri"
      at new MessageError (/usr/local/Cellar/yarn/1.5.1/libexec/lib/cli.js:186:110)
      at /usr/local/Cellar/yarn/1.5.1/libexec/lib/cli.js:40048:15
      at Generator.next (<anonymous>)
      at step (/usr/local/Cellar/yarn/1.5.1/libexec/lib/cli.js:98:30)
      at /usr/local/Cellar/yarn/1.5.1/libexec/lib/cli.js:109:13
      at <anonymous>
